M:\OOP\PHILIPSANDEGREN\PHILIPSANDEGREN\DEBUG\MAIN.OBJ
M:\OOP\PHILIPSANDEGREN\PHILIPSANDEGREN\DEBUG\CAR.OBJ
M:\OOP\PHILIPSANDEGREN\PHILIPSANDEGREN\DEBUG\VC100.PDB
M:\OOP\PHILIPSANDEGREN\PHILIPSANDEGREN\DEBUG\VC110.PDB
M:\OOP\PHILIPSANDEGREN\PHILIPSANDEGREN\DEBUG\PHILIPSANDEGREN.EXE.EMBED.MANIFEST.RES
M:\OOP\PHILIPSANDEGREN\DEBUG\PHILIPSANDEGREN.ILK
M:\OOP\PHILIPSANDEGREN\DEBUG\PHILIPSANDEGREN.EXE
M:\OOP\PHILIPSANDEGREN\DEBUG\PHILIPSANDEGREN.PDB
M:\OOP\PhilipSandegren\PhilipSandegren\Debug\PhilipSandegren.vcxprojResolveAssemblyReference.cache
M:\OOP\PhilipSandegren\PhilipSandegren\Debug\Car.obj
M:\OOP\PhilipSandegren\PhilipSandegren\Debug\Main.obj
M:\OOP\PhilipSandegren\PhilipSandegren\Debug\PhilipSandegren.write.1.tlog
M:\OOP\PhilipSandegren\PhilipSandegren\Debug\CL.read.1.tlog
M:\OOP\PhilipSandegren\PhilipSandegren\Debug\CL.write.1.tlog
M:\OOP\PhilipSandegren\PhilipSandegren\Debug\cl.command.1.tlog
M:\OOP\PhilipSandegren\PhilipSandegren\Debug\rc.read.1.tlog
M:\OOP\PhilipSandegren\PhilipSandegren\Debug\rc.write.1.tlog
M:\OOP\PhilipSandegren\PhilipSandegren\Debug\rc.command.1.tlog
M:\OOP\PhilipSandegren\PhilipSandegren\Debug\link-cvtres.read.1.tlog
M:\OOP\PhilipSandegren\PhilipSandegren\Debug\link-cvtres.write.1.tlog
M:\OOP\PhilipSandegren\PhilipSandegren\Debug\link.read.1.tlog
M:\OOP\PhilipSandegren\PhilipSandegren\Debug\link.write.1.tlog
M:\OOP\PhilipSandegren\PhilipSandegren\Debug\link.command.1.tlog
M:\OOP\PhilipSandegren\PhilipSandegren\Debug\link-rc.read.1.tlog
M:\OOP\PhilipSandegren\PhilipSandegren\Debug\link-rc.write.1.tlog
M:\OOP\PhilipSandegren\PhilipSandegren\Debug\link.524-rc.read.1.tlog
M:\OOP\PhilipSandegren\PhilipSandegren\Debug\link.524-rc.write.1.tlog
M:\OOP\PhilipSandegren\PhilipSandegren\Debug\link.524-cvtres.read.1.tlog
M:\OOP\PhilipSandegren\PhilipSandegren\Debug\link.524-cvtres.write.1.tlog
M:\OOP\PhilipSandegren\PhilipSandegren\Debug\link.524.read.1.tlog
M:\OOP\PhilipSandegren\PhilipSandegren\Debug\link.524.write.1.tlog
M:\OOP\PhilipSandegren\PhilipSandegren\Debug\link.6724-rc.read.1.tlog
M:\OOP\PhilipSandegren\PhilipSandegren\Debug\link.6724-rc.write.1.tlog
M:\OOP\PhilipSandegren\PhilipSandegren\Debug\link.6724-cvtres.read.1.tlog
M:\OOP\PhilipSandegren\PhilipSandegren\Debug\link.6724-cvtres.write.1.tlog
M:\OOP\PhilipSandegren\PhilipSandegren\Debug\link.6724.read.1.tlog
M:\OOP\PhilipSandegren\PhilipSandegren\Debug\link.6724.write.1.tlog
M:\OOP\PhilipSandegren\PhilipSandegren\Debug\link.5172-rc.read.1.tlog
M:\OOP\PhilipSandegren\PhilipSandegren\Debug\link.5172-rc.write.1.tlog
M:\OOP\PhilipSandegren\PhilipSandegren\Debug\link.5172-cvtres.read.1.tlog
M:\OOP\PhilipSandegren\PhilipSandegren\Debug\link.5172-cvtres.write.1.tlog
M:\OOP\PhilipSandegren\PhilipSandegren\Debug\link.5172.read.1.tlog
M:\OOP\PhilipSandegren\PhilipSandegren\Debug\link.5172.write.1.tlog
M:\OOP\PhilipSandegren\PhilipSandegren\Debug\link.4124-rc.read.1.tlog
M:\OOP\PhilipSandegren\PhilipSandegren\Debug\link.4124-rc.write.1.tlog
M:\OOP\PhilipSandegren\PhilipSandegren\Debug\link.4124-cvtres.read.1.tlog
M:\OOP\PhilipSandegren\PhilipSandegren\Debug\link.4124-cvtres.write.1.tlog
M:\OOP\PhilipSandegren\PhilipSandegren\Debug\link.4124.read.1.tlog
M:\OOP\PhilipSandegren\PhilipSandegren\Debug\link.4124.write.1.tlog
M:\OOP\PhilipSandegren\PhilipSandegren\Debug\PhilipSandegren.exe.embed.manifest
M:\OOP\PhilipSandegren\PhilipSandegren\Debug\PhilipSandegren.exe.intermediate.manifest
M:\OOP\PhilipSandegren\PhilipSandegren\Debug\PhilipSandegren.exe.embed.manifest.res
M:\OOP\PhilipSandegren\PhilipSandegren\Debug\vc100.idb
M:\OOP\PhilipSandegren\PhilipSandegren\Debug\vc110.idb
M:\OOP\PhilipSandegren\PhilipSandegren\Debug\vc100.pdb
M:\OOP\PhilipSandegren\PhilipSandegren\Debug\vc110.pdb
M:\OOP\PhilipSandegren\PhilipSandegren\Debug\PhilipSandegren_manifest.rc
