Build started 2013-10-07 11:23:39.
     1>Project "M:\OOP\PhilipSandegren\PhilipSandegren\PhilipSandegren.vcxproj" on node 8 (Rebuild target(s)).
     1>InitializeBuildStatus:
         Creating "Debug\PhilipSandegren_Car.unsuccessfulbuild" because "AlwaysCreate" was specified.
       ClCompile:
         C:\Program Files (x86)\Microsoft Visual Studio 11.0\VC\bin\CL.exe /c /ZI /nologo /W3 /WX- /Od /Oy- /D WIN32 /D _DEBUG /D _CONSOLE /D _UNICODE /D UNICODE /Gm /EHsc /RTC1 /MDd /GS /fp:precise /Zc:wchar_t /Zc:forScope /Fo"Debug\\" /Fd"Debug\vc110.pdb" /Gd /TP /analyze- /errorReport:prompt Main.cpp
         Main.cpp
     1>m:\oop\philipsandegren\philipsandegren\car.h(16): error C2039: 'brand' : is not a member of 'std::basic_string<_Elem,_Traits,_Alloc>'
                 with
                 [
                     _Elem=char,
                     _Traits=std::char_traits<char>,
                     _Alloc=std::allocator<char>
                 ]
     1>m:\oop\philipsandegren\philipsandegren\car.h(17): error C2065: 'carname' : undeclared identifier
     1>m:\oop\philipsandegren\philipsandegren\car.h(17): error C2228: left of '.year' must have class/struct/union
                 type is ''unknown-type''
     1>m:\oop\philipsandegren\philipsandegren\car.h(18): error C2065: 'carname' : undeclared identifier
     1>m:\oop\philipsandegren\philipsandegren\car.h(18): error C2228: left of '.price' must have class/struct/union
                 type is ''unknown-type''
     1>Done Building Project "M:\OOP\PhilipSandegren\PhilipSandegren\PhilipSandegren.vcxproj" (Rebuild target(s)) -- FAILED.

Build FAILED.

Time Elapsed 00:00:08.48
