Build started 2013-12-19 12:56:17.
     1>Project "M:\OOP\DOA_PhilipSandegren_Tentamen\DOA_PhilipSandegren_Tentamen\DOA_PhilipSandegren_Tentamen.vcxproj" on node 2 (Build target(s)).
     1>InitializeBuildStatus:
         Creating "Release\DOA_PhilipSandegren_Tentamen.unsuccessfulbuild" because "AlwaysCreate" was specified.
       ClCompile:
         C:\Program Files (x86)\Microsoft Visual Studio 11.0\VC\bin\CL.exe /c /Zi /nologo /W3 /WX- /O2 /Oi /Oy- /GL /D _MBCS /Gm- /EHsc /MD /GS /Gy /fp:precise /Zc:wchar_t /Zc:forScope /Fo"Release\\" /Fd"Release\vc110.pdb" /Gd /TP /analyze- /errorReport:prompt Main.cpp
         Main.cpp
     1>m:\oop\doa_philipsandegren_tentamen\doa_philipsandegren_tentamen\statistics.h(62): warning C4018: '<' : signed/unsigned mismatch
     1>m:\oop\doa_philipsandegren_tentamen\doa_philipsandegren_tentamen\statistics.h(76): warning C4018: '<' : signed/unsigned mismatch
     1>Main.cpp(23): warning C4018: '<' : signed/unsigned mismatch
     1>Main.cpp(27): warning C4018: '<' : signed/unsigned mismatch
     1>Main.cpp(46): warning C4018: '<' : signed/unsigned mismatch
     1>Main.cpp(145): warning C4102: 'U33' : unreferenced label
     1>Main.cpp(143): warning C4102: 'U32' : unreferenced label
     1>Main.cpp(142): warning C4102: 'U31' : unreferenced label
       Link:
         C:\Program Files (x86)\Microsoft Visual Studio 11.0\VC\bin\link.exe /ERRORREPORT:PROMPT /OUT:"M:\OOP\DOA_PhilipSandegren_Tentamen\Release\DOA_PhilipSandegren_Tentamen.exe" /NOLOGO kernel32.lib user32.lib gdi32.lib winspool.lib comdlg32.lib advapi32.lib shell32.lib ole32.lib oleaut32.lib uuid.lib odbc32.lib odbccp32.lib /MANIFEST /MANIFESTUAC:"level='asInvoker' uiAccess='false'" /manifest:embed /DEBUG /PDB:"M:\OOP\DOA_PhilipSandegren_Tentamen\Release\DOA_PhilipSandegren_Tentamen.pdb" /HEAP:"100000000" /STACK:"100000000" /OPT:REF /OPT:ICF /LTCG /TLBID:1 /DYNAMICBASE /NXCOMPAT /IMPLIB:"M:\OOP\DOA_PhilipSandegren_Tentamen\Release\DOA_PhilipSandegren_Tentamen.lib" /MACHINE:X86 /SAFESEH Release\Main.obj
         Generating code
     1>m:\oop\doa_philipsandegren_tentamen\doa_philipsandegren_tentamen\main.cpp(70): warning C4715: 'U31::palindromeRecursive' : not all control paths return a value
         Finished generating code
         DOA_PhilipSandegren_Tentamen.vcxproj -> M:\OOP\DOA_PhilipSandegren_Tentamen\Release\DOA_PhilipSandegren_Tentamen.exe
       FinalizeBuildStatus:
         Deleting file "Release\DOA_PhilipSandegren_Tentamen.unsuccessfulbuild".
         Touching "Release\DOA_PhilipSandegren_Tentamen.lastbuildstate".
     1>Done Building Project "M:\OOP\DOA_PhilipSandegren_Tentamen\DOA_PhilipSandegren_Tentamen\DOA_PhilipSandegren_Tentamen.vcxproj" (Build target(s)).

Build succeeded.

Time Elapsed 00:00:05.55
