Build started 2013-10-07 11:23:39.
     1>Project "M:\OOP\PhilipSandegren_DungeonCrawl\PhilipSandegren_Byggnad\PhilipSandegren_Byggnad.vcxproj" on node 9 (Rebuild target(s)).
     1>_PrepareForClean:
         Deleting file "Debug\PhilipSandegren_Byggnad.lastbuildstate".
       InitializeBuildStatus:
         Touching "Debug\PhilipSandegren_Byggnad.unsuccessfulbuild".
       ClCompile:
         C:\Program Files (x86)\Microsoft Visual Studio 11.0\VC\bin\CL.exe /c /ZI /nologo /W3 /WX- /Od /Oy- /D _MBCS /Gm /EHsc /RTC1 /MDd /GS /fp:precise /Zc:wchar_t /Zc:forScope /Fo"Debug\\" /Fd"Debug\vc110.pdb" /Gd /TP /analyze- /errorReport:prompt Byggnad.cpp Source.cpp
         Source.cpp
         Byggnad.cpp
         Generating Code...
       Link:
         C:\Program Files (x86)\Microsoft Visual Studio 11.0\VC\bin\link.exe /ERRORREPORT:PROMPT /OUT:"M:\OOP\PhilipSandegren_DungeonCrawl\Debug\PhilipSandegren_Byggnad.exe" /INCREMENTAL /NOLOGO kernel32.lib user32.lib gdi32.lib winspool.lib comdlg32.lib advapi32.lib shell32.lib ole32.lib oleaut32.lib uuid.lib odbc32.lib odbccp32.lib /MANIFEST /MANIFESTUAC:"level='asInvoker' uiAccess='false'" /manifest:embed /DEBUG /PDB:"M:\OOP\PhilipSandegren_DungeonCrawl\Debug\PhilipSandegren_Byggnad.pdb" /TLBID:1 /DYNAMICBASE /NXCOMPAT /IMPLIB:"M:\OOP\PhilipSandegren_DungeonCrawl\Debug\PhilipSandegren_Byggnad.lib" /MACHINE:X86 Debug\Byggnad.obj
         Debug\Source.obj
         PhilipSandegren_Byggnad.vcxproj -> M:\OOP\PhilipSandegren_DungeonCrawl\Debug\PhilipSandegren_Byggnad.exe
       FinalizeBuildStatus:
         Deleting file "Debug\PhilipSandegren_Byggnad.unsuccessfulbuild".
         Touching "Debug\PhilipSandegren_Byggnad.lastbuildstate".
     1>Done Building Project "M:\OOP\PhilipSandegren_DungeonCrawl\PhilipSandegren_Byggnad\PhilipSandegren_Byggnad.vcxproj" (Rebuild target(s)).

Build succeeded.

Time Elapsed 00:00:08.69
