M:\OOP\PHILIPSANDEGREN_DUNGEONCRAWL\PHILIPSANDEGREN_BYGGNAD\DEBUG\BYGGNAD.OBJ
M:\OOP\PHILIPSANDEGREN_DUNGEONCRAWL\PHILIPSANDEGREN_BYGGNAD\DEBUG\SOURCE.OBJ
M:\OOP\PHILIPSANDEGREN_DUNGEONCRAWL\PHILIPSANDEGREN_BYGGNAD\DEBUG\VC110.PDB
M:\OOP\PhilipSandegren_DungeonCrawl\PhilipSandegren_Byggnad\Debug\Byggnad.obj
M:\OOP\PhilipSandegren_DungeonCrawl\PhilipSandegren_Byggnad\Debug\Source.obj
M:\OOP\PhilipSandegren_DungeonCrawl\PhilipSandegren_Byggnad\Debug\CL.read.1.tlog
M:\OOP\PhilipSandegren_DungeonCrawl\PhilipSandegren_Byggnad\Debug\CL.write.1.tlog
M:\OOP\PhilipSandegren_DungeonCrawl\PhilipSandegren_Byggnad\Debug\cl.command.1.tlog
M:\OOP\PhilipSandegren_DungeonCrawl\PhilipSandegren_Byggnad\Debug\link-rc.read.1.tlog
M:\OOP\PhilipSandegren_DungeonCrawl\PhilipSandegren_Byggnad\Debug\link-rc.write.1.tlog
M:\OOP\PhilipSandegren_DungeonCrawl\PhilipSandegren_Byggnad\Debug\link-cvtres.read.1.tlog
M:\OOP\PhilipSandegren_DungeonCrawl\PhilipSandegren_Byggnad\Debug\link-cvtres.write.1.tlog
M:\OOP\PhilipSandegren_DungeonCrawl\PhilipSandegren_Byggnad\Debug\link.read.1.tlog
M:\OOP\PhilipSandegren_DungeonCrawl\PhilipSandegren_Byggnad\Debug\link.write.1.tlog
M:\OOP\PhilipSandegren_DungeonCrawl\PhilipSandegren_Byggnad\Debug\link.command.1.tlog
M:\OOP\PhilipSandegren_DungeonCrawl\PhilipSandegren_Byggnad\Debug\link.3576-rc.read.1.tlog
M:\OOP\PhilipSandegren_DungeonCrawl\PhilipSandegren_Byggnad\Debug\link.3576-rc.write.1.tlog
M:\OOP\PhilipSandegren_DungeonCrawl\PhilipSandegren_Byggnad\Debug\link.3576-cvtres.read.1.tlog
M:\OOP\PhilipSandegren_DungeonCrawl\PhilipSandegren_Byggnad\Debug\link.3576-cvtres.write.1.tlog
M:\OOP\PhilipSandegren_DungeonCrawl\PhilipSandegren_Byggnad\Debug\link.3576.read.1.tlog
M:\OOP\PhilipSandegren_DungeonCrawl\PhilipSandegren_Byggnad\Debug\link.3576.write.1.tlog
M:\OOP\PhilipSandegren_DungeonCrawl\PhilipSandegren_Byggnad\Debug\vc110.idb
M:\OOP\PhilipSandegren_DungeonCrawl\PhilipSandegren_Byggnad\Debug\vc110.pdb
M:\OOP\PhilipSandegren_DungeonCrawl\Debug\PhilipSandegren_Byggnad.pdb
