Build started 2013-12-19 12:42:28.
     1>Project "M:\OOP\DOA_PhilipSandegren_Tentamen\DOA_PhilipSandegren_Tentamen\DOA_PhilipSandegren_Tentamen.vcxproj" on node 2 (Build target(s)).
     1>InitializeBuildStatus:
         Creating "Debug\DOA_PhilipSandegren_Tentamen.unsuccessfulbuild" because "AlwaysCreate" was specified.
       ClCompile:
         C:\Program Files (x86)\Microsoft Visual Studio 11.0\VC\bin\CL.exe /c /ZI /nologo /W3 /WX- /Od /Oy- /D _MBCS /Gm /EHsc /RTC1 /MDd /GS /fp:precise /Zc:wchar_t /Zc:forScope /Fo"Debug\\" /Fd"Debug\vc110.pdb" /Gd /TP /analyze- /errorReport:prompt Main.cpp
         Main.cpp
     1>m:\oop\doa_philipsandegren_tentamen\doa_philipsandegren_tentamen\statistics.h(62): warning C4018: '<' : signed/unsigned mismatch
     1>m:\oop\doa_philipsandegren_tentamen\doa_philipsandegren_tentamen\statistics.h(76): warning C4018: '<' : signed/unsigned mismatch
     1>m:\oop\doa_philipsandegren_tentamen\doa_philipsandegren_tentamen\main.cpp(18): warning C4018: '<' : signed/unsigned mismatch
     1>m:\oop\doa_philipsandegren_tentamen\doa_philipsandegren_tentamen\main.cpp(22): warning C4018: '<' : signed/unsigned mismatch
     1>m:\oop\doa_philipsandegren_tentamen\doa_philipsandegren_tentamen\main.cpp(41): warning C4018: '<' : signed/unsigned mismatch
     1>m:\oop\doa_philipsandegren_tentamen\doa_philipsandegren_tentamen\main.cpp(139): warning C4102: 'U33' : unreferenced label
     1>m:\oop\doa_philipsandegren_tentamen\doa_philipsandegren_tentamen\main.cpp(138): warning C4102: 'U32' : unreferenced label
     1>m:\oop\doa_philipsandegren_tentamen\doa_philipsandegren_tentamen\main.cpp(137): warning C4102: 'U31' : unreferenced label
     1>m:\oop\doa_philipsandegren_tentamen\doa_philipsandegren_tentamen\main.cpp(65): warning C4715: 'U31::palindromeRecursive' : not all control paths return a value
       Link:
         C:\Program Files (x86)\Microsoft Visual Studio 11.0\VC\bin\link.exe /ERRORREPORT:PROMPT /OUT:"M:\OOP\DOA_PhilipSandegren_Tentamen\Debug\DOA_PhilipSandegren_Tentamen.exe" /INCREMENTAL /NOLOGO kernel32.lib user32.lib gdi32.lib winspool.lib comdlg32.lib advapi32.lib shell32.lib ole32.lib oleaut32.lib uuid.lib odbc32.lib odbccp32.lib /MANIFEST /MANIFESTUAC:"level='asInvoker' uiAccess='false'" /manifest:embed /DEBUG /PDB:"M:\OOP\DOA_PhilipSandegren_Tentamen\Debug\DOA_PhilipSandegren_Tentamen.pdb" /STACK:"10000000" /TLBID:1 /DYNAMICBASE /NXCOMPAT /IMPLIB:"M:\OOP\DOA_PhilipSandegren_Tentamen\Debug\DOA_PhilipSandegren_Tentamen.lib" /MACHINE:X86 Debug\Main.obj
         DOA_PhilipSandegren_Tentamen.vcxproj -> M:\OOP\DOA_PhilipSandegren_Tentamen\Debug\DOA_PhilipSandegren_Tentamen.exe
       FinalizeBuildStatus:
         Deleting file "Debug\DOA_PhilipSandegren_Tentamen.unsuccessfulbuild".
         Touching "Debug\DOA_PhilipSandegren_Tentamen.lastbuildstate".
     1>Done Building Project "M:\OOP\DOA_PhilipSandegren_Tentamen\DOA_PhilipSandegren_Tentamen\DOA_PhilipSandegren_Tentamen.vcxproj" (Build target(s)).

Build succeeded.

Time Elapsed 00:00:06.10
