M:\OOP\PHILIPSANDEGREN2\PHILIPSANDEGREN2\DEBUG\PHILIPSANDEGREN.OBJ
M:\OOP\PHILIPSANDEGREN2\PHILIPSANDEGREN2\DEBUG\VC110.PDB
M:\OOP\PHILIPSANDEGREN2\PHILIPSANDEGREN2\DEBUG\CAR.OBJ
M:\OOP\PHILIPSANDEGREN2\PHILIPSANDEGREN2\DEBUG\SOURCE.OBJ
M:\OOP\PHILIPSANDEGREN2\DEBUG\PHILIPSANDEGREN2.ILK
M:\OOP\PHILIPSANDEGREN2\DEBUG\PHILIPSANDEGREN2.EXE
M:\OOP\PHILIPSANDEGREN2\DEBUG\PHILIPSANDEGREN2.PDB
M:\OOP\PhilipSandegren2\PhilipSandegren2\Debug\PhilipSandegren.obj
M:\OOP\PhilipSandegren2\PhilipSandegren2\Debug\Car.obj
M:\OOP\PhilipSandegren2\PhilipSandegren2\Debug\Source.obj
M:\OOP\PhilipSandegren2\PhilipSandegren2\Debug\CL.read.1.tlog
M:\OOP\PhilipSandegren2\PhilipSandegren2\Debug\CL.write.1.tlog
M:\OOP\PhilipSandegren2\PhilipSandegren2\Debug\cl.command.1.tlog
M:\OOP\PhilipSandegren2\PhilipSandegren2\Debug\link-rc.read.1.tlog
M:\OOP\PhilipSandegren2\PhilipSandegren2\Debug\link-rc.write.1.tlog
M:\OOP\PhilipSandegren2\PhilipSandegren2\Debug\link-cvtres.read.1.tlog
M:\OOP\PhilipSandegren2\PhilipSandegren2\Debug\link-cvtres.write.1.tlog
M:\OOP\PhilipSandegren2\PhilipSandegren2\Debug\link.read.1.tlog
M:\OOP\PhilipSandegren2\PhilipSandegren2\Debug\link.write.1.tlog
M:\OOP\PhilipSandegren2\PhilipSandegren2\Debug\link.command.1.tlog
M:\OOP\PhilipSandegren2\PhilipSandegren2\Debug\link.4200-rc.read.1.tlog
M:\OOP\PhilipSandegren2\PhilipSandegren2\Debug\link.4200-rc.write.1.tlog
M:\OOP\PhilipSandegren2\PhilipSandegren2\Debug\link.4200-cvtres.read.1.tlog
M:\OOP\PhilipSandegren2\PhilipSandegren2\Debug\link.4200-cvtres.write.1.tlog
M:\OOP\PhilipSandegren2\PhilipSandegren2\Debug\link.4200.read.1.tlog
M:\OOP\PhilipSandegren2\PhilipSandegren2\Debug\link.4200.write.1.tlog
M:\OOP\PhilipSandegren2\PhilipSandegren2\Debug\link.1776-rc.read.1.tlog
M:\OOP\PhilipSandegren2\PhilipSandegren2\Debug\link.1776-rc.write.1.tlog
M:\OOP\PhilipSandegren2\PhilipSandegren2\Debug\link.1776-cvtres.read.1.tlog
M:\OOP\PhilipSandegren2\PhilipSandegren2\Debug\link.1776-cvtres.write.1.tlog
M:\OOP\PhilipSandegren2\PhilipSandegren2\Debug\link.1776.read.1.tlog
M:\OOP\PhilipSandegren2\PhilipSandegren2\Debug\link.1776.write.1.tlog
M:\OOP\PhilipSandegren2\PhilipSandegren2\Debug\link.6356-rc.read.1.tlog
M:\OOP\PhilipSandegren2\PhilipSandegren2\Debug\link.6356-rc.write.1.tlog
M:\OOP\PhilipSandegren2\PhilipSandegren2\Debug\link.6356-cvtres.read.1.tlog
M:\OOP\PhilipSandegren2\PhilipSandegren2\Debug\link.6356-cvtres.write.1.tlog
M:\OOP\PhilipSandegren2\PhilipSandegren2\Debug\link.6356.read.1.tlog
M:\OOP\PhilipSandegren2\PhilipSandegren2\Debug\link.6356.write.1.tlog
M:\OOP\PhilipSandegren2\PhilipSandegren2\Debug\link.6188-rc.read.1.tlog
M:\OOP\PhilipSandegren2\PhilipSandegren2\Debug\link.6188-rc.write.1.tlog
M:\OOP\PhilipSandegren2\PhilipSandegren2\Debug\link.6188-cvtres.read.1.tlog
M:\OOP\PhilipSandegren2\PhilipSandegren2\Debug\link.6188-cvtres.write.1.tlog
M:\OOP\PhilipSandegren2\PhilipSandegren2\Debug\link.6188.read.1.tlog
M:\OOP\PhilipSandegren2\PhilipSandegren2\Debug\link.6188.write.1.tlog
M:\OOP\PhilipSandegren2\PhilipSandegren2\Debug\link.936-rc.read.1.tlog
M:\OOP\PhilipSandegren2\PhilipSandegren2\Debug\link.936-rc.write.1.tlog
M:\OOP\PhilipSandegren2\PhilipSandegren2\Debug\link.936-cvtres.read.1.tlog
M:\OOP\PhilipSandegren2\PhilipSandegren2\Debug\link.936-cvtres.write.1.tlog
M:\OOP\PhilipSandegren2\PhilipSandegren2\Debug\link.936.read.1.tlog
M:\OOP\PhilipSandegren2\PhilipSandegren2\Debug\link.936.write.1.tlog
M:\OOP\PhilipSandegren2\PhilipSandegren2\Debug\link.4408-rc.read.1.tlog
M:\OOP\PhilipSandegren2\PhilipSandegren2\Debug\link.4408-rc.write.1.tlog
M:\OOP\PhilipSandegren2\PhilipSandegren2\Debug\link.4408-cvtres.read.1.tlog
M:\OOP\PhilipSandegren2\PhilipSandegren2\Debug\link.4408-cvtres.write.1.tlog
M:\OOP\PhilipSandegren2\PhilipSandegren2\Debug\link.4408.read.1.tlog
M:\OOP\PhilipSandegren2\PhilipSandegren2\Debug\link.4408.write.1.tlog
M:\OOP\PhilipSandegren2\PhilipSandegren2\Debug\link.6320-rc.read.1.tlog
M:\OOP\PhilipSandegren2\PhilipSandegren2\Debug\link.6320-rc.write.1.tlog
M:\OOP\PhilipSandegren2\PhilipSandegren2\Debug\link.6320-cvtres.read.1.tlog
M:\OOP\PhilipSandegren2\PhilipSandegren2\Debug\link.6320-cvtres.write.1.tlog
M:\OOP\PhilipSandegren2\PhilipSandegren2\Debug\link.6320.read.1.tlog
M:\OOP\PhilipSandegren2\PhilipSandegren2\Debug\link.6320.write.1.tlog
M:\OOP\PhilipSandegren2\PhilipSandegren2\Debug\link.3548-rc.read.1.tlog
M:\OOP\PhilipSandegren2\PhilipSandegren2\Debug\link.3548-rc.write.1.tlog
M:\OOP\PhilipSandegren2\PhilipSandegren2\Debug\link.3548-cvtres.read.1.tlog
M:\OOP\PhilipSandegren2\PhilipSandegren2\Debug\link.3548-cvtres.write.1.tlog
M:\OOP\PhilipSandegren2\PhilipSandegren2\Debug\link.3548.read.1.tlog
M:\OOP\PhilipSandegren2\PhilipSandegren2\Debug\link.3548.write.1.tlog
M:\OOP\PhilipSandegren2\PhilipSandegren2\Debug\link.3132-rc.read.1.tlog
M:\OOP\PhilipSandegren2\PhilipSandegren2\Debug\link.3132-rc.write.1.tlog
M:\OOP\PhilipSandegren2\PhilipSandegren2\Debug\link.3132-cvtres.read.1.tlog
M:\OOP\PhilipSandegren2\PhilipSandegren2\Debug\link.3132-cvtres.write.1.tlog
M:\OOP\PhilipSandegren2\PhilipSandegren2\Debug\link.3132.read.1.tlog
M:\OOP\PhilipSandegren2\PhilipSandegren2\Debug\link.3132.write.1.tlog
M:\OOP\PhilipSandegren2\PhilipSandegren2\Debug\link.6760-rc.read.1.tlog
M:\OOP\PhilipSandegren2\PhilipSandegren2\Debug\link.6760-rc.write.1.tlog
M:\OOP\PhilipSandegren2\PhilipSandegren2\Debug\link.6760-cvtres.read.1.tlog
M:\OOP\PhilipSandegren2\PhilipSandegren2\Debug\link.6760-cvtres.write.1.tlog
M:\OOP\PhilipSandegren2\PhilipSandegren2\Debug\link.6760.read.1.tlog
M:\OOP\PhilipSandegren2\PhilipSandegren2\Debug\link.6760.write.1.tlog
M:\OOP\PhilipSandegren2\PhilipSandegren2\Debug\link.5260-rc.read.1.tlog
M:\OOP\PhilipSandegren2\PhilipSandegren2\Debug\link.5260-rc.write.1.tlog
M:\OOP\PhilipSandegren2\PhilipSandegren2\Debug\link.5260-cvtres.read.1.tlog
M:\OOP\PhilipSandegren2\PhilipSandegren2\Debug\link.5260-cvtres.write.1.tlog
M:\OOP\PhilipSandegren2\PhilipSandegren2\Debug\link.5260.read.1.tlog
M:\OOP\PhilipSandegren2\PhilipSandegren2\Debug\link.5260.write.1.tlog
M:\OOP\PhilipSandegren2\PhilipSandegren2\Debug\link.748-rc.read.1.tlog
M:\OOP\PhilipSandegren2\PhilipSandegren2\Debug\link.748-rc.write.1.tlog
M:\OOP\PhilipSandegren2\PhilipSandegren2\Debug\link.748-cvtres.read.1.tlog
M:\OOP\PhilipSandegren2\PhilipSandegren2\Debug\link.748-cvtres.write.1.tlog
M:\OOP\PhilipSandegren2\PhilipSandegren2\Debug\link.748.read.1.tlog
M:\OOP\PhilipSandegren2\PhilipSandegren2\Debug\link.748.write.1.tlog
M:\OOP\PhilipSandegren2\PhilipSandegren2\Debug\link.4676-rc.read.1.tlog
M:\OOP\PhilipSandegren2\PhilipSandegren2\Debug\link.4676-rc.write.1.tlog
M:\OOP\PhilipSandegren2\PhilipSandegren2\Debug\link.4676-cvtres.read.1.tlog
M:\OOP\PhilipSandegren2\PhilipSandegren2\Debug\link.4676-cvtres.write.1.tlog
M:\OOP\PhilipSandegren2\PhilipSandegren2\Debug\link.4676.read.1.tlog
M:\OOP\PhilipSandegren2\PhilipSandegren2\Debug\link.4676.write.1.tlog
M:\OOP\PhilipSandegren2\PhilipSandegren2\Debug\link.2024-rc.read.1.tlog
M:\OOP\PhilipSandegren2\PhilipSandegren2\Debug\link.2024-rc.write.1.tlog
M:\OOP\PhilipSandegren2\PhilipSandegren2\Debug\link.2024-cvtres.read.1.tlog
M:\OOP\PhilipSandegren2\PhilipSandegren2\Debug\link.2024-cvtres.write.1.tlog
M:\OOP\PhilipSandegren2\PhilipSandegren2\Debug\link.2024.read.1.tlog
M:\OOP\PhilipSandegren2\PhilipSandegren2\Debug\link.2024.write.1.tlog
M:\OOP\PhilipSandegren2\PhilipSandegren2\Debug\link.2240-rc.read.1.tlog
M:\OOP\PhilipSandegren2\PhilipSandegren2\Debug\link.2240-rc.write.1.tlog
M:\OOP\PhilipSandegren2\PhilipSandegren2\Debug\link.2240-cvtres.read.1.tlog
M:\OOP\PhilipSandegren2\PhilipSandegren2\Debug\link.2240-cvtres.write.1.tlog
M:\OOP\PhilipSandegren2\PhilipSandegren2\Debug\link.2240.read.1.tlog
M:\OOP\PhilipSandegren2\PhilipSandegren2\Debug\link.2240.write.1.tlog
M:\OOP\PhilipSandegren2\PhilipSandegren2\Debug\vc110.idb
M:\OOP\PhilipSandegren2\PhilipSandegren2\Debug\vc110.pdb
