Build started 2013-09-30 10:12:18.
     1>Project "M:\OOP\PhilipSandegren_DungeonCrawl\PhilipSandegren_DungeonCrawl\PhilipSandegren_DungeonCrawl.vcxproj" on node 2 (Build target(s)).
     1>InitializeBuildStatus:
         Creating "Release\PhilipSandegren_DungeonCrawl.unsuccessfulbuild" because "AlwaysCreate" was specified.
       ClCompile:
         C:\Program Files (x86)\Microsoft Visual Studio 11.0\VC\bin\CL.exe /c /Zi /nologo /W3 /WX- /O2 /Oi /Oy- /GL /D WIN32 /D NDEBUG /D _CONSOLE /D _UNICODE /D UNICODE /Gm- /EHsc /MD /GS /Gy /fp:precise /Zc:wchar_t /Zc:forScope /Fo"Release\\" /Fd"Release\vc110.pdb" /Gd /TP /analyze- /errorReport:prompt dungeonmap.cpp Source.cpp
         dungeonmap.cpp
     1>m:\oop\philipsandegren_dungeoncrawl\philipsandegren_dungeoncrawl\dungeonmap.h(16): warning C4018: '<' : signed/unsigned mismatch
     1>m:\oop\philipsandegren_dungeoncrawl\philipsandegren_dungeoncrawl\dungeonmap.h(18): warning C4018: '<' : signed/unsigned mismatch
     1>m:\oop\philipsandegren_dungeoncrawl\philipsandegren_dungeoncrawl\dungeonmap.h(46): warning C4244: '=' : conversion from 'double' to 'int', possible loss of data
     1>m:\oop\philipsandegren_dungeoncrawl\philipsandegren_dungeoncrawl\dungeonmap.h(47): warning C4244: '=' : conversion from 'double' to 'int', possible loss of data
     1>m:\oop\philipsandegren_dungeoncrawl\philipsandegren_dungeoncrawl\dungeonmap.h(152): warning C4244: 'argument' : conversion from 'double' to 'std::array<_Ty,_Size>::size_type', possible loss of data
                 with
                 [
                     _Ty=std::array<char,12>,
                     _Size=8
                 ]
     1>m:\oop\philipsandegren_dungeoncrawl\philipsandegren_dungeoncrawl\dungeonmap.h(152): warning C4244: 'argument' : conversion from 'double' to 'std::array<_Ty,_Size>::size_type', possible loss of data
                 with
                 [
                     _Ty=char,
                     _Size=12
                 ]
     1>m:\oop\philipsandegren_dungeoncrawl\philipsandegren_dungeoncrawl\dungeonmap.h(160): warning C4244: 'argument' : conversion from 'double' to 'std::array<_Ty,_Size>::size_type', possible loss of data
                 with
                 [
                     _Ty=std::array<char,12>,
                     _Size=8
                 ]
     1>m:\oop\philipsandegren_dungeoncrawl\philipsandegren_dungeoncrawl\dungeonmap.h(160): warning C4244: 'argument' : conversion from 'double' to 'std::array<_Ty,_Size>::size_type', possible loss of data
                 with
                 [
                     _Ty=char,
                     _Size=12
                 ]
         Source.cpp
     1>m:\oop\philipsandegren_dungeoncrawl\philipsandegren_dungeoncrawl\dungeonmap.h(16): warning C4018: '<' : signed/unsigned mismatch
     1>m:\oop\philipsandegren_dungeoncrawl\philipsandegren_dungeoncrawl\dungeonmap.h(18): warning C4018: '<' : signed/unsigned mismatch
     1>m:\oop\philipsandegren_dungeoncrawl\philipsandegren_dungeoncrawl\dungeonmap.h(46): warning C4244: '=' : conversion from 'double' to 'int', possible loss of data
     1>m:\oop\philipsandegren_dungeoncrawl\philipsandegren_dungeoncrawl\dungeonmap.h(47): warning C4244: '=' : conversion from 'double' to 'int', possible loss of data
     1>m:\oop\philipsandegren_dungeoncrawl\philipsandegren_dungeoncrawl\dungeonmap.h(152): warning C4244: 'argument' : conversion from 'double' to 'std::array<_Ty,_Size>::size_type', possible loss of data
                 with
                 [
                     _Ty=std::array<char,12>,
                     _Size=8
                 ]
     1>m:\oop\philipsandegren_dungeoncrawl\philipsandegren_dungeoncrawl\dungeonmap.h(152): warning C4244: 'argument' : conversion from 'double' to 'std::array<_Ty,_Size>::size_type', possible loss of data
                 with
                 [
                     _Ty=char,
                     _Size=12
                 ]
     1>m:\oop\philipsandegren_dungeoncrawl\philipsandegren_dungeoncrawl\dungeonmap.h(160): warning C4244: 'argument' : conversion from 'double' to 'std::array<_Ty,_Size>::size_type', possible loss of data
                 with
                 [
                     _Ty=std::array<char,12>,
                     _Size=8
                 ]
     1>m:\oop\philipsandegren_dungeoncrawl\philipsandegren_dungeoncrawl\dungeonmap.h(160): warning C4244: 'argument' : conversion from 'double' to 'std::array<_Ty,_Size>::size_type', possible loss of data
                 with
                 [
                     _Ty=char,
                     _Size=12
                 ]
     1>Source.cpp(112): warning C4244: '=' : conversion from 'clock_t' to 'float', possible loss of data
       Link:
         C:\Program Files (x86)\Microsoft Visual Studio 11.0\VC\bin\link.exe /ERRORREPORT:PROMPT /OUT:"M:\OOP\PhilipSandegren_DungeonCrawl\Release\PhilipSandegren_DungeonCrawl.exe" /INCREMENTAL:NO /NOLOGO kernel32.lib user32.lib gdi32.lib winspool.lib comdlg32.lib advapi32.lib shell32.lib ole32.lib oleaut32.lib uuid.lib odbc32.lib odbccp32.lib /MANIFEST /MANIFESTUAC:"level='asInvoker' uiAccess='false'" /manifest:embed /DEBUG /PDB:"M:\OOP\PhilipSandegren_DungeonCrawl\Release\PhilipSandegren_DungeonCrawl.pdb" /SUBSYSTEM:CONSOLE /OPT:REF /OPT:ICF /LTCG /TLBID:1 /DYNAMICBASE /NXCOMPAT /IMPLIB:"M:\OOP\PhilipSandegren_DungeonCrawl\Release\PhilipSandegren_DungeonCrawl.lib" /MACHINE:X86 /SAFESEH Release\dungeonmap.obj
         Release\Source.obj
         Generating code
         Finished generating code
         PhilipSandegren_DungeonCrawl.vcxproj -> M:\OOP\PhilipSandegren_DungeonCrawl\Release\PhilipSandegren_DungeonCrawl.exe
       FinalizeBuildStatus:
         Deleting file "Release\PhilipSandegren_DungeonCrawl.unsuccessfulbuild".
         Touching "Release\PhilipSandegren_DungeonCrawl.lastbuildstate".
     1>Done Building Project "M:\OOP\PhilipSandegren_DungeonCrawl\PhilipSandegren_DungeonCrawl\PhilipSandegren_DungeonCrawl.vcxproj" (Build target(s)).

Build succeeded.

Time Elapsed 00:00:03.75
