M:\OOP\PHILIPSANDEGREN_DUNGEONCRAWL\PHILIPSANDEGREN_DUNGEONCRAWL\RELEASE\SOURCE.OBJ
M:\OOP\PHILIPSANDEGREN_DUNGEONCRAWL\PHILIPSANDEGREN_DUNGEONCRAWL\RELEASE\DUNGEONMAP.OBJ
M:\OOP\PHILIPSANDEGREN_DUNGEONCRAWL\PHILIPSANDEGREN_DUNGEONCRAWL\RELEASE\VC110.PDB
M:\OOP\PHILIPSANDEGREN_DUNGEONCRAWL\RELEASE\PHILIPSANDEGREN_DUNGEONCRAWL.EXE
M:\OOP\PHILIPSANDEGREN_DUNGEONCRAWL\RELEASE\PHILIPSANDEGREN_DUNGEONCRAWL.PDB
M:\OOP\PhilipSandegren_DungeonCrawl\PhilipSandegren_DungeonCrawl\Release\Source.obj
M:\OOP\PhilipSandegren_DungeonCrawl\PhilipSandegren_DungeonCrawl\Release\dungeonmap.obj
M:\OOP\PhilipSandegren_DungeonCrawl\PhilipSandegren_DungeonCrawl\Release\CL.read.1.tlog
M:\OOP\PhilipSandegren_DungeonCrawl\PhilipSandegren_DungeonCrawl\Release\CL.write.1.tlog
M:\OOP\PhilipSandegren_DungeonCrawl\PhilipSandegren_DungeonCrawl\Release\cl.command.1.tlog
M:\OOP\PhilipSandegren_DungeonCrawl\PhilipSandegren_DungeonCrawl\Release\link-rc.read.1.tlog
M:\OOP\PhilipSandegren_DungeonCrawl\PhilipSandegren_DungeonCrawl\Release\link-rc.write.1.tlog
M:\OOP\PhilipSandegren_DungeonCrawl\PhilipSandegren_DungeonCrawl\Release\link-cvtres.read.1.tlog
M:\OOP\PhilipSandegren_DungeonCrawl\PhilipSandegren_DungeonCrawl\Release\link-cvtres.write.1.tlog
M:\OOP\PhilipSandegren_DungeonCrawl\PhilipSandegren_DungeonCrawl\Release\link.read.1.tlog
M:\OOP\PhilipSandegren_DungeonCrawl\PhilipSandegren_DungeonCrawl\Release\link.write.1.tlog
M:\OOP\PhilipSandegren_DungeonCrawl\PhilipSandegren_DungeonCrawl\Release\link.command.1.tlog
M:\OOP\PhilipSandegren_DungeonCrawl\PhilipSandegren_DungeonCrawl\Release\vc110.pdb
M:\OOP\PhilipSandegren_DungeonCrawl\Release\PhilipSandegren_DungeonCrawl.pdb
M:\OOP\PhilipSandegren_DungeonCrawl\Release\PhilipSandegren_DungeonCrawl.exe
