Build started 2013-10-10 09:41:52.
     1>Project "M:\OOP\PhilipSandegren_DungeonCrawl\PhilipSandegren_DungeonCrawl\PhilipSandegren_DungeonCrawl.vcxproj" on node 2 (Build target(s)).
     1>InitializeBuildStatus:
         Creating "Debug\PhilipSandegren_DungeonCrawl.unsuccessfulbuild" because "AlwaysCreate" was specified.
       ClCompile:
         C:\Program Files (x86)\Microsoft Visual Studio 11.0\VC\bin\CL.exe /c /ZI /nologo /W3 /WX- /Od /Oy- /D WIN32 /D _DEBUG /D _CONSOLE /D _UNICODE /D UNICODE /Gm /EHsc /RTC1 /MDd /GS /fp:precise /Zc:wchar_t /Zc:forScope /Fo"Debug\\" /Fd"Debug\vc110.pdb" /Gd /TP /analyze- /errorReport:prompt Source.cpp
         Source.cpp
     1>m:\oop\philipsandegren_dungeoncrawl\philipsandegren_dungeoncrawl\dungeonmap.h(16): warning C4018: '<' : signed/unsigned mismatch
     1>m:\oop\philipsandegren_dungeoncrawl\philipsandegren_dungeoncrawl\dungeonmap.h(18): warning C4018: '<' : signed/unsigned mismatch
     1>m:\oop\philipsandegren_dungeoncrawl\philipsandegren_dungeoncrawl\dungeonmap.h(46): warning C4244: '=' : conversion from 'double' to 'int', possible loss of data
     1>m:\oop\philipsandegren_dungeoncrawl\philipsandegren_dungeoncrawl\dungeonmap.h(47): warning C4244: '=' : conversion from 'double' to 'int', possible loss of data
     1>m:\oop\philipsandegren_dungeoncrawl\philipsandegren_dungeoncrawl\dungeonmap.h(152): warning C4244: 'argument' : conversion from 'double' to 'std::array<_Ty,_Size>::size_type', possible loss of data
                 with
                 [
                     _Ty=std::array<char,12>,
                     _Size=8
                 ]
     1>m:\oop\philipsandegren_dungeoncrawl\philipsandegren_dungeoncrawl\dungeonmap.h(152): warning C4244: 'argument' : conversion from 'double' to 'std::array<_Ty,_Size>::size_type', possible loss of data
                 with
                 [
                     _Ty=char,
                     _Size=12
                 ]
     1>m:\oop\philipsandegren_dungeoncrawl\philipsandegren_dungeoncrawl\dungeonmap.h(160): warning C4244: 'argument' : conversion from 'double' to 'std::array<_Ty,_Size>::size_type', possible loss of data
                 with
                 [
                     _Ty=std::array<char,12>,
                     _Size=8
                 ]
     1>m:\oop\philipsandegren_dungeoncrawl\philipsandegren_dungeoncrawl\dungeonmap.h(160): warning C4244: 'argument' : conversion from 'double' to 'std::array<_Ty,_Size>::size_type', possible loss of data
                 with
                 [
                     _Ty=char,
                     _Size=12
                 ]
     1>m:\oop\philipsandegren_dungeoncrawl\philipsandegren_dungeoncrawl\source.cpp(112): warning C4244: '=' : conversion from 'clock_t' to 'float', possible loss of data
       Link:
         C:\Program Files (x86)\Microsoft Visual Studio 11.0\VC\bin\link.exe /ERRORREPORT:PROMPT /OUT:"M:\OOP\PhilipSandegren_DungeonCrawl\Debug\PhilipSandegren_DungeonCrawl.exe" /INCREMENTAL /NOLOGO kernel32.lib user32.lib gdi32.lib winspool.lib comdlg32.lib advapi32.lib shell32.lib ole32.lib oleaut32.lib uuid.lib odbc32.lib odbccp32.lib /MANIFEST /MANIFESTUAC:"level='asInvoker' uiAccess='false'" /manifest:embed /DEBUG /PDB:"M:\OOP\PhilipSandegren_DungeonCrawl\Debug\PhilipSandegren_DungeonCrawl.pdb" /SUBSYSTEM:CONSOLE /TLBID:1 /DYNAMICBASE /NXCOMPAT /IMPLIB:"M:\OOP\PhilipSandegren_DungeonCrawl\Debug\PhilipSandegren_DungeonCrawl.lib" /MACHINE:X86 Debug\dungeonmap.obj
         Debug\Source.obj
         PhilipSandegren_DungeonCrawl.vcxproj -> M:\OOP\PhilipSandegren_DungeonCrawl\Debug\PhilipSandegren_DungeonCrawl.exe
       FinalizeBuildStatus:
         Deleting file "Debug\PhilipSandegren_DungeonCrawl.unsuccessfulbuild".
         Touching "Debug\PhilipSandegren_DungeonCrawl.lastbuildstate".
     1>Done Building Project "M:\OOP\PhilipSandegren_DungeonCrawl\PhilipSandegren_DungeonCrawl\PhilipSandegren_DungeonCrawl.vcxproj" (Build target(s)).

Build succeeded.

Time Elapsed 00:00:03.57
