M:\OOP\PHILIPSANDEGREN_DUNGEONCRAWL\PHILIPSANDEGREN_DUNGEONCRAWL\DEBUG\DUNGEONMAP.OBJ
M:\OOP\PHILIPSANDEGREN_DUNGEONCRAWL\PHILIPSANDEGREN_DUNGEONCRAWL\DEBUG\SOURCE.OBJ
M:\OOP\PHILIPSANDEGREN_DUNGEONCRAWL\PHILIPSANDEGREN_DUNGEONCRAWL\DEBUG\VC110.PDB
M:\OOP\PHILIPSANDEGREN_DUNGEONCRAWL\DEBUG\PHILIPSANDEGREN_DUNGEONCRAWL.ILK
M:\OOP\PHILIPSANDEGREN_DUNGEONCRAWL\DEBUG\PHILIPSANDEGREN_DUNGEONCRAWL.EXE
M:\OOP\PHILIPSANDEGREN_DUNGEONCRAWL\DEBUG\PHILIPSANDEGREN_DUNGEONCRAWL.PDB
M:\OOP\PhilipSandegren_DungeonCrawl\PhilipSandegren_DungeonCrawl\Debug\Source.obj
M:\OOP\PhilipSandegren_DungeonCrawl\PhilipSandegren_DungeonCrawl\Debug\dungeonmap.obj
M:\OOP\PhilipSandegren_DungeonCrawl\PhilipSandegren_DungeonCrawl\Debug\CL.read.1.tlog
M:\OOP\PhilipSandegren_DungeonCrawl\PhilipSandegren_DungeonCrawl\Debug\CL.write.1.tlog
M:\OOP\PhilipSandegren_DungeonCrawl\PhilipSandegren_DungeonCrawl\Debug\cl.command.1.tlog
M:\OOP\PhilipSandegren_DungeonCrawl\PhilipSandegren_DungeonCrawl\Debug\link-rc.read.1.tlog
M:\OOP\PhilipSandegren_DungeonCrawl\PhilipSandegren_DungeonCrawl\Debug\link-rc.write.1.tlog
M:\OOP\PhilipSandegren_DungeonCrawl\PhilipSandegren_DungeonCrawl\Debug\link-cvtres.read.1.tlog
M:\OOP\PhilipSandegren_DungeonCrawl\PhilipSandegren_DungeonCrawl\Debug\link-cvtres.write.1.tlog
M:\OOP\PhilipSandegren_DungeonCrawl\PhilipSandegren_DungeonCrawl\Debug\link.read.1.tlog
M:\OOP\PhilipSandegren_DungeonCrawl\PhilipSandegren_DungeonCrawl\Debug\link.write.1.tlog
M:\OOP\PhilipSandegren_DungeonCrawl\PhilipSandegren_DungeonCrawl\Debug\link.command.1.tlog
M:\OOP\PhilipSandegren_DungeonCrawl\PhilipSandegren_DungeonCrawl\Debug\link.2220-rc.read.1.tlog
M:\OOP\PhilipSandegren_DungeonCrawl\PhilipSandegren_DungeonCrawl\Debug\link.2220-rc.write.1.tlog
M:\OOP\PhilipSandegren_DungeonCrawl\PhilipSandegren_DungeonCrawl\Debug\link.2220-cvtres.read.1.tlog
M:\OOP\PhilipSandegren_DungeonCrawl\PhilipSandegren_DungeonCrawl\Debug\link.2220-cvtres.write.1.tlog
M:\OOP\PhilipSandegren_DungeonCrawl\PhilipSandegren_DungeonCrawl\Debug\link.2220.read.1.tlog
M:\OOP\PhilipSandegren_DungeonCrawl\PhilipSandegren_DungeonCrawl\Debug\link.2220.write.1.tlog
M:\OOP\PhilipSandegren_DungeonCrawl\PhilipSandegren_DungeonCrawl\Debug\link.4508-rc.read.1.tlog
M:\OOP\PhilipSandegren_DungeonCrawl\PhilipSandegren_DungeonCrawl\Debug\link.4508-rc.write.1.tlog
M:\OOP\PhilipSandegren_DungeonCrawl\PhilipSandegren_DungeonCrawl\Debug\link.4508-cvtres.read.1.tlog
M:\OOP\PhilipSandegren_DungeonCrawl\PhilipSandegren_DungeonCrawl\Debug\link.4508-cvtres.write.1.tlog
M:\OOP\PhilipSandegren_DungeonCrawl\PhilipSandegren_DungeonCrawl\Debug\link.4508.read.1.tlog
M:\OOP\PhilipSandegren_DungeonCrawl\PhilipSandegren_DungeonCrawl\Debug\link.4508.write.1.tlog
M:\OOP\PhilipSandegren_DungeonCrawl\PhilipSandegren_DungeonCrawl\Debug\link.784-rc.read.1.tlog
M:\OOP\PhilipSandegren_DungeonCrawl\PhilipSandegren_DungeonCrawl\Debug\link.784-rc.write.1.tlog
M:\OOP\PhilipSandegren_DungeonCrawl\PhilipSandegren_DungeonCrawl\Debug\link.784-cvtres.read.1.tlog
M:\OOP\PhilipSandegren_DungeonCrawl\PhilipSandegren_DungeonCrawl\Debug\link.784-cvtres.write.1.tlog
M:\OOP\PhilipSandegren_DungeonCrawl\PhilipSandegren_DungeonCrawl\Debug\link.784.read.1.tlog
M:\OOP\PhilipSandegren_DungeonCrawl\PhilipSandegren_DungeonCrawl\Debug\link.784.write.1.tlog
M:\OOP\PhilipSandegren_DungeonCrawl\PhilipSandegren_DungeonCrawl\Debug\link.8212-rc.read.1.tlog
M:\OOP\PhilipSandegren_DungeonCrawl\PhilipSandegren_DungeonCrawl\Debug\link.8212-rc.write.1.tlog
M:\OOP\PhilipSandegren_DungeonCrawl\PhilipSandegren_DungeonCrawl\Debug\link.8212-cvtres.read.1.tlog
M:\OOP\PhilipSandegren_DungeonCrawl\PhilipSandegren_DungeonCrawl\Debug\link.8212-cvtres.write.1.tlog
M:\OOP\PhilipSandegren_DungeonCrawl\PhilipSandegren_DungeonCrawl\Debug\link.8212.read.1.tlog
M:\OOP\PhilipSandegren_DungeonCrawl\PhilipSandegren_DungeonCrawl\Debug\link.8212.write.1.tlog
M:\OOP\PhilipSandegren_DungeonCrawl\PhilipSandegren_DungeonCrawl\Debug\link.4608-rc.read.1.tlog
M:\OOP\PhilipSandegren_DungeonCrawl\PhilipSandegren_DungeonCrawl\Debug\link.4608-rc.write.1.tlog
M:\OOP\PhilipSandegren_DungeonCrawl\PhilipSandegren_DungeonCrawl\Debug\link.4608-cvtres.read.1.tlog
M:\OOP\PhilipSandegren_DungeonCrawl\PhilipSandegren_DungeonCrawl\Debug\link.4608-cvtres.write.1.tlog
M:\OOP\PhilipSandegren_DungeonCrawl\PhilipSandegren_DungeonCrawl\Debug\link.4608.read.1.tlog
M:\OOP\PhilipSandegren_DungeonCrawl\PhilipSandegren_DungeonCrawl\Debug\link.4608.write.1.tlog
M:\OOP\PhilipSandegren_DungeonCrawl\PhilipSandegren_DungeonCrawl\Debug\vc110.idb
M:\OOP\PhilipSandegren_DungeonCrawl\PhilipSandegren_DungeonCrawl\Debug\vc110.pdb
M:\OOP\PhilipSandegren_DungeonCrawl\Debug\PhilipSandegren_DungeonCrawl.pdb
M:\OOP\PhilipSandegren_DungeonCrawl\Debug\PhilipSandegren_DungeonCrawl.exe
M:\OOP\PhilipSandegren_DungeonCrawl\Debug\PhilipSandegren_DungeonCrawl.ilk
